
iMap ==========================================================================>> New Connected:
2017-05-17 23:07:12 =======================================>> [S]:
* OK Coremail System IMap Server Ready(163com[726cd87d72d896a1ac393507346040fa])

2017-05-17 23:07:12 =======================================>> [C]:
A001 LOGIN 13125156410 jidashasha520

2017-05-17 23:07:13 =======================================>> [S]:
A001 OK LOGIN completed

2017-05-17 23:07:13 =======================================>> [C]:
A002 LIST "" *

2017-05-17 23:07:13 =======================================>> [S]:
* LIST () "/" "INBOX"
* LIST (\Drafts) "/" "&g0l6P3ux-"
* LIST (\Sent) "/" "&XfJT0ZAB-"
* LIST (\Trash) "/" "&XfJSIJZk-"
* LIST (\Junk) "/" "&V4NXPpCuTvY-"
* LIST () "/" "&dcVr0mWHTvZZOQ-"
* LIST () "/" "&i6KWBZCuTvY-"
A002 OK LIST Completed

2017-05-17 23:07:17 =======================================>> [C]:
A003 SELECT "INBOX"

2017-05-17 23:07:17 =======================================>> [S]:
* 1 EXISTS
* 1 RECENT
* OK [UIDVALIDITY 1] UIDs valid
* FLAGS (\Answered \Seen \Deleted \Draft \Flagged)
* OK [PERMANENTFLAGS (\Answered \Seen \Deleted \Draft \Flagged)] Limited
A003 OK [READ-WRITE] SELECT completed

2017-05-17 23:07:17 =======================================>> [C]:
A003 fetch 1 (RFC822.SIZE BODY[HEADER])

2017-05-17 23:07:17 =======================================>> [S]:
* 1 FETCH (RFC822.SIZE 1876 BODY[HEADER] {1761}
Received: from smtpbg323.qq.com (unknown [14.17.32.33])
	by mx16 (Coremail) with SMTP id QsCowEBJC0_JZhxZeX05Dg--.44921S3;
	Wed, 17 May 2017 23:05:45 +0800 (CST)
DKIM-Signature: v=1; a=rsa-sha256; c=relaxed/relaxed; d=qq.com; s=s201512;
	t=1495033544; bh=4tJr0MNlr2mhinx9Ok15X55urIwJSMxUv/kXNjf8Mv4=;
	h=Sender:From:Sender:To:CC:Subject:MIME-Version:Content-Type;
	b=yZJUOUhXPI4sQKPPB3Mihfha24poTXNbEFEv6SDcF2AcyqBI9S8I9T6r8ZYGHkvfx
	 us3R0fAJL6UiTSVslBsz+kuOvXiWyt6C7dwK/7X5ckdOJA8JQBarXdxF4CPOmw6GmM
	 6nr82Ye2QipCwZ4g12I6X8nHvRsgyC8mPuIKBLd8=
X-QQ-mid: esmtp11t1495033544tfiqjiikw
Received: from smtp.qq.com (unknown [171.113.125.210])
	by esmtp4.qq.com (ESMTP) with 
	id ; Wed, 17 May 2017 23:05:43 +0800 (CST)
X-QQ-SSF: B1000000000000F0F9203900002000U
X-QQ-FEAT: w4aaO6t/g8s6j8dpAtlD8st6phvOe8Y0XOH4IIkQ7ctAtMVBpKhMxDK7jwgvh
	PKajHtfvtgGyWlflnJBPNBJ1iCpr+avL1qmbQoay8T3slaHV/zWBj1IRM9AafxpfM6a9wkc
	oE3z0WiRQmbHeTt3C++x0we0uIMjNvnpM+VuRtaD5BRdxYb48xPLZWaEfK1XZJRnnAr/4GK
	xM1hs9AEO4VoHXCmX6t5YAO/2GVtvfMfOAirGCjzBlA==
X-QQ-GoodBg: 0
X-QQ-CSender: 382825415@qq.com
Sender: 382825415@qq.com
From: 
Sender: <382825415@qq.com>
To:"412199815@qq.com"<412199815@qq.com>
CC: "18040506495@163.com
Subject: =?UTF-8?B?U3ViamVjdA==?=
MIME-Version: 1.0
Content-Type: multipart/mixed;
  boundary="one"
X-QQ-SENDSIZE: 520
Feedback-ID: esmtp:qq.com:bgweb:bgweb125
X-CM-TRANSID:QsCowEBJC0_JZhxZeX05Dg--.44921S3
Message-Id:<591C66C9.078CA5.00847@m12-66.163.com>
Authentication-Results: mx16; spf=pass smtp.mail=382825415@qq.com; dki
	m=fail header.i=@qq.com
X-Coremail-Antispam: 1Uf129KBjDUn29KB7ZKAUJUUUUU529EdanIXcx71UUUUU7v73
	VFW2AGmfu7bjvjm3AaLaJ3UbIYCTnIWIevJa73UjIFyTuYvjxUH031DUUUU
Date: Wed, 17 May 2017 23:05:45 +0800 (CST)

)
A003 OK Fetch completed

2017-05-17 23:07:20 =======================================>> [C]:
A200 CLOSE

2017-05-17 23:07:20 =======================================>> [S]:
A200 OK CLOSE completed

2017-05-17 23:07:20 =======================================>> [C]:
A003 SELECT "INBOX"

2017-05-17 23:07:20 =======================================>> [S]:
* 1 EXISTS
* 0 RECENT
* OK [UIDVALIDITY 1] UIDs valid
* FLAGS (\Answered \Seen \Deleted \Draft \Flagged)
* OK [PERMANENTFLAGS (\Answered \Seen \Deleted \Draft \Flagged)] Limited
A003 OK [READ-WRITE] SELECT completed

2017-05-17 23:07:20 =======================================>> [C]:
A003 fetch 1 (RFC822.SIZE BODY[HEADER])

2017-05-17 23:07:20 =======================================>> [S]:
* 1 FETCH (RFC822.SIZE 1876 BODY[HEADER] {1761}
Received: from smtpbg323.qq.com (unknown [14.17.32.33])
	by mx16 (Coremail) with SMTP id QsCowEBJC0_JZhxZeX05Dg--.44921S3;
	Wed, 17 May 2017 23:05:45 +0800 (CST)
DKIM-Signature: v=1; a=rsa-sha256; c=relaxed/relaxed; d=qq.com; s=s201512;
	t=1495033544; bh=4tJr0MNlr2mhinx9Ok15X55urIwJSMxUv/kXNjf8Mv4=;
	h=Sender:From:Sender:To:CC:Subject:MIME-Version:Content-Type;
	b=yZJUOUhXPI4sQKPPB3Mihfha24poTXNbEFEv6SDcF2AcyqBI9S8I9T6r8ZYGHkvfx
	 us3R0fAJL6UiTSVslBsz+kuOvXiWyt6C7dwK/7X5ckdOJA8JQBarXdxF4CPOmw6GmM
	 6nr82Ye2QipCwZ4g12I6X8nHvRsgyC8mPuIKBLd8=
X-QQ-mid: esmtp11t1495033544tfiqjiikw
Received: from smtp.qq.com (unknown [171.113.125.210])
	by esmtp4.qq.com (ESMTP) with 
	id ; Wed, 17 May 2017 23:05:43 +0800 (CST)
X-QQ-SSF: B1000000000000F0F9203900002000U
X-QQ-FEAT: w4aaO6t/g8s6j8dpAtlD8st6phvOe8Y0XOH4IIkQ7ctAtMVBpKhMxDK7jwgvh
	PKajHtfvtgGyWlflnJBPNBJ1iCpr+avL1qmbQoay8T3slaHV/zWBj1IRM9AafxpfM6a9wkc
	oE3z0WiRQmbHeTt3C++x0we0uIMjNvnpM+VuRtaD5BRdxYb48xPLZWaEfK1XZJRnnAr/4GK
	xM1hs9AEO4VoHXCmX6t5YAO/2GVtvfMfOAirGCjzBlA==
X-QQ-GoodBg: 0
X-QQ-CSender: 382825415@qq.com
Sender: 382825415@qq.com
From: 
Sender: <382825415@qq.com>
To:"412199815@qq.com"<412199815@qq.com>
CC: "18040506495@163.com
Subject: =?UTF-8?B?U3ViamVjdA==?=
MIME-Version: 1.0
Content-Type: multipart/mixed;
  boundary="one"
X-QQ-SENDSIZE: 520
Feedback-ID: esmtp:qq.com:bgweb:bgweb125
X-CM-TRANSID:QsCowEBJC0_JZhxZeX05Dg--.44921S3
Message-Id:<591C66C9.078CA5.00847@m12-66.163.com>
Authentication-Results: mx16; spf=pass smtp.mail=382825415@qq.com; dki
	m=fail header.i=@qq.com
X-Coremail-Antispam: 1Uf129KBjDUn29KB7ZKAUJUUUUU529EdanIXcx71UUUUU7v73
	VFW2AGmfu7bjvjm3AaLaJ3UbIYCTnIWIevJa73UjIFyTuYvjxUH031DUUUU
Date: Wed, 17 May 2017 23:05:45 +0800 (CST)

)
A003 OK Fetch completed

2017-05-17 23:07:25 =======================================>> [C]:
A004 fetch 1 BODY[text]

2017-05-17 23:07:25 =======================================>> [S]:
* 1 FETCH (BODY[TEXT] {115}
--one
Content-Type: text/plain;
  charset="UTF-8"
Content-Transfer-Encoding: base64

MTEyMzEzMTI=

--one--
)
A004 OK Fetch completed

2017-05-17 23:09:09 =======================================>> [C]:
A200 CLOSE

2017-05-17 23:09:09 =======================================>> [S]:
A200 OK CLOSE completed

2017-05-17 23:09:09 =======================================>> [C]:
A100 LOGOUT

2017-05-17 23:09:09 =======================================>> [S]:
* BYE IMAP4rev1 Server logging out
A100 OK LOGOUT completed

iMap ==========================================================================>> New Connected:
2017-05-17 23:09:16 =======================================>> [S]:
* OK Coremail System IMap Server Ready(163com[726cd87d72d896a1ac393507346040fa])

2017-05-17 23:09:16 =======================================>> [C]:
A001 LOGIN 13125156410 jidashasha520

2017-05-17 23:09:16 =======================================>> [S]:
A001 OK LOGIN completed

2017-05-17 23:09:16 =======================================>> [C]:
A002 LIST "" *

2017-05-17 23:09:16 =======================================>> [S]:
* LIST () "/" "INBOX"
* LIST (\Drafts) "/" "&g0l6P3ux-"
* LIST (\Sent) "/" "&XfJT0ZAB-"
* LIST (\Trash) "/" "&XfJSIJZk-"
* LIST (\Junk) "/" "&V4NXPpCuTvY-"
* LIST () "/" "&dcVr0mWHTvZZOQ-"
* LIST () "/" "&i6KWBZCuTvY-"
A002 OK LIST Completed

2017-05-17 23:10:21 =======================================>> [C]:
A003 SELECT "INBOX"

2017-05-17 23:10:21 =======================================>> [S]:
* 1 EXISTS
* 0 RECENT
* OK [UIDVALIDITY 1] UIDs valid
* FLAGS (\Answered \Seen \Deleted \Draft \Flagged)
* OK [PERMANENTFLAGS (\Answered \Seen \Deleted \Draft \Flagged)] Limited
A003 OK [READ-WRITE] SELECT completed

2017-05-17 23:10:21 =======================================>> [C]:
A003 fetch 1 (RFC822.SIZE BODY[HEADER])

2017-05-17 23:10:21 =======================================>> [S]:
* 1 FETCH (RFC822.SIZE 1876 BODY[HEADER] {1761}
Received: from smtpbg323.qq.com (unknown [14.17.32.33])
	by mx16 (Coremail) with SMTP id QsCowEBJC0_JZhxZeX05Dg--.44921S3;
	Wed, 17 May 2017 23:05:45 +0800 (CST)
DKIM-Signature: v=1; a=rsa-sha256; c=relaxed/relaxed; d=qq.com; s=s201512;
	t=1495033544; bh=4tJr0MNlr2mhinx9Ok15X55urIwJSMxUv/kXNjf8Mv4=;
	h=Sender:From:Sender:To:CC:Subject:MIME-Version:Content-Type;
	b=yZJUOUhXPI4sQKPPB3Mihfha24poTXNbEFEv6SDcF2AcyqBI9S8I9T6r8ZYGHkvfx
	 us3R0fAJL6UiTSVslBsz+kuOvXiWyt6C7dwK/7X5ckdOJA8JQBarXdxF4CPOmw6GmM
	 6nr82Ye2QipCwZ4g12I6X8nHvRsgyC8mPuIKBLd8=
X-QQ-mid: esmtp11t1495033544tfiqjiikw
Received: from smtp.qq.com (unknown [171.113.125.210])
	by esmtp4.qq.com (ESMTP) with 
	id ; Wed, 17 May 2017 23:05:43 +0800 (CST)
X-QQ-SSF: B1000000000000F0F9203900002000U
X-QQ-FEAT: w4aaO6t/g8s6j8dpAtlD8st6phvOe8Y0XOH4IIkQ7ctAtMVBpKhMxDK7jwgvh
	PKajHtfvtgGyWlflnJBPNBJ1iCpr+avL1qmbQoay8T3slaHV/zWBj1IRM9AafxpfM6a9wkc
	oE3z0WiRQmbHeTt3C++x0we0uIMjNvnpM+VuRtaD5BRdxYb48xPLZWaEfK1XZJRnnAr/4GK
	xM1hs9AEO4VoHXCmX6t5YAO/2GVtvfMfOAirGCjzBlA==
X-QQ-GoodBg: 0
X-QQ-CSender: 382825415@qq.com
Sender: 382825415@qq.com
From: 
Sender: <382825415@qq.com>
To:"412199815@qq.com"<412199815@qq.com>
CC: "18040506495@163.com
Subject: =?UTF-8?B?U3ViamVjdA==?=
MIME-Version: 1.0
Content-Type: multipart/mixed;
  boundary="one"
X-QQ-SENDSIZE: 520
Feedback-ID: esmtp:qq.com:bgweb:bgweb125
X-CM-TRANSID:QsCowEBJC0_JZhxZeX05Dg--.44921S3
Message-Id:<591C66C9.078CA5.00847@m12-66.163.com>
Authentication-Results: mx16; spf=pass smtp.mail=382825415@qq.com; dki
	m=fail header.i=@qq.com
X-Coremail-Antispam: 1Uf129KBjDUn29KB7ZKAUJUUUUU529EdanIXcx71UUUUU7v73
	VFW2AGmfu7bjvjm3AaLaJ3UbIYCTnIWIevJa73UjIFyTuYvjxUH031DUUUU
Date: Wed, 17 May 2017 23:05:45 +0800 (CST)

)
A003 OK Fetch completed

2017-05-17 23:10:22 =======================================>> [C]:
A200 CLOSE

2017-05-17 23:10:22 =======================================>> [S]:
A200 OK CLOSE completed

2017-05-17 23:10:22 =======================================>> [C]:
A003 SELECT "INBOX"

2017-05-17 23:10:22 =======================================>> [S]:
* 1 EXISTS
* 0 RECENT
* OK [UIDVALIDITY 1] UIDs valid
* FLAGS (\Answered \Seen \Deleted \Draft \Flagged)
* OK [PERMANENTFLAGS (\Answered \Seen \Deleted \Draft \Flagged)] Limited
A003 OK [READ-WRITE] SELECT completed

2017-05-17 23:10:22 =======================================>> [C]:
A003 fetch 1 (RFC822.SIZE BODY[HEADER])

2017-05-17 23:10:22 =======================================>> [S]:
* 1 FETCH (RFC822.SIZE 1876 BODY[HEADER] {1761}
Received: from smtpbg323.qq.com (unknown [14.17.32.33])
	by mx16 (Coremail) with SMTP id QsCowEBJC0_JZhxZeX05Dg--.44921S3;
	Wed, 17 May 2017 23:05:45 +0800 (CST)
DKIM-Signature: v=1; a=rsa-sha256; c=relaxed/relaxed; d=qq.com; s=s201512;
	t=1495033544; bh=4tJr0MNlr2mhinx9Ok15X55urIwJSMxUv/kXNjf8Mv4=;
	h=Sender:From:Sender:To:CC:Subject:MIME-Version:Content-Type;
	b=yZJUOUhXPI4sQKPPB3Mihfha24poTXNbEFEv6SDcF2AcyqBI9S8I9T6r8ZYGHkvfx
	 us3R0fAJL6UiTSVslBsz+kuOvXiWyt6C7dwK/7X5ckdOJA8JQBarXdxF4CPOmw6GmM
	 6nr82Ye2QipCwZ4g12I6X8nHvRsgyC8mPuIKBLd8=
X-QQ-mid: esmtp11t1495033544tfiqjiikw
Received: from smtp.qq.com (unknown [171.113.125.210])
	by esmtp4.qq.com (ESMTP) with 
	id ; Wed, 17 May 2017 23:05:43 +0800 (CST)
X-QQ-SSF: B1000000000000F0F9203900002000U
X-QQ-FEAT: w4aaO6t/g8s6j8dpAtlD8st6phvOe8Y0XOH4IIkQ7ctAtMVBpKhMxDK7jwgvh
	PKajHtfvtgGyWlflnJBPNBJ1iCpr+avL1qmbQoay8T3slaHV/zWBj1IRM9AafxpfM6a9wkc
	oE3z0WiRQmbHeTt3C++x0we0uIMjNvnpM+VuRtaD5BRdxYb48xPLZWaEfK1XZJRnnAr/4GK
	xM1hs9AEO4VoHXCmX6t5YAO/2GVtvfMfOAirGCjzBlA==
X-QQ-GoodBg: 0
X-QQ-CSender: 382825415@qq.com
Sender: 382825415@qq.com
From: 
Sender: <382825415@qq.com>
To:"412199815@qq.com"<412199815@qq.com>
CC: "18040506495@163.com
Subject: =?UTF-8?B?U3ViamVjdA==?=
MIME-Version: 1.0
Content-Type: multipart/mixed;
  boundary="one"
X-QQ-SENDSIZE: 520
Feedback-ID: esmtp:qq.com:bgweb:bgweb125
X-CM-TRANSID:QsCowEBJC0_JZhxZeX05Dg--.44921S3
Message-Id:<591C66C9.078CA5.00847@m12-66.163.com>
Authentication-Results: mx16; spf=pass smtp.mail=382825415@qq.com; dki
	m=fail header.i=@qq.com
X-Coremail-Antispam: 1Uf129KBjDUn29KB7ZKAUJUUUUU529EdanIXcx71UUUUU7v73
	VFW2AGmfu7bjvjm3AaLaJ3UbIYCTnIWIevJa73UjIFyTuYvjxUH031DUUUU
Date: Wed, 17 May 2017 23:05:45 +0800 (CST)

)
A003 OK Fetch completed

2017-05-17 23:11:33 =======================================>> [C]:
A200 CLOSE

2017-05-17 23:11:33 =======================================>> [S]:
A200 OK CLOSE completed

2017-05-17 23:11:33 =======================================>> [C]:
A100 LOGOUT

2017-05-17 23:11:33 =======================================>> [S]:
* BYE IMAP4rev1 Server logging out
A100 OK LOGOUT completed

iMap ==========================================================================>> New Connected:
2017-05-17 23:13:59 =======================================>> [S]:
* OK Coremail System IMap Server Ready(163com[726cd87d72d896a1ac393507346040fa])

2017-05-17 23:13:59 =======================================>> [C]:
A001 LOGIN 13125156410 jidashasha520

2017-05-17 23:13:59 =======================================>> [S]:
A001 OK LOGIN completed

2017-05-17 23:13:59 =======================================>> [C]:
A002 LIST "" *

2017-05-17 23:13:59 =======================================>> [S]:
* LIST () "/" "INBOX"
* LIST (\Drafts) "/" "&g0l6P3ux-"
* LIST (\Sent) "/" "&XfJT0ZAB-"
* LIST (\Trash) "/" "&XfJSIJZk-"
* LIST (\Junk) "/" "&V4NXPpCuTvY-"
* LIST () "/" "&dcVr0mWHTvZZOQ-"
* LIST () "/" "&i6KWBZCuTvY-"
A002 OK LIST Completed

2017-05-17 23:14:11 =======================================>> [C]:
A003 SELECT "INBOX"

2017-05-17 23:14:11 =======================================>> [S]:
* 1 EXISTS
* 0 RECENT
* OK [UIDVALIDITY 1] UIDs valid
* FLAGS (\Answered \Seen \Deleted \Draft \Flagged)
* OK [PERMANENTFLAGS (\Answered \Seen \Deleted \Draft \Flagged)] Limited
A003 OK [READ-WRITE] SELECT completed

2017-05-17 23:14:11 =======================================>> [C]:
A003 fetch 1 (RFC822.SIZE BODY[HEADER])

2017-05-17 23:14:11 =======================================>> [S]:
* 1 FETCH (RFC822.SIZE 1876 BODY[HEADER] {1761}
Received: from smtpbg323.qq.com (unknown [14.17.32.33])
	by mx16 (Coremail) with SMTP id QsCowEBJC0_JZhxZeX05Dg--.44921S3;
	Wed, 17 May 2017 23:05:45 +0800 (CST)
DKIM-Signature: v=1; a=rsa-sha256; c=relaxed/relaxed; d=qq.com; s=s201512;
	t=1495033544; bh=4tJr0MNlr2mhinx9Ok15X55urIwJSMxUv/kXNjf8Mv4=;
	h=Sender:From:Sender:To:CC:Subject:MIME-Version:Content-Type;
	b=yZJUOUhXPI4sQKPPB3Mihfha24poTXNbEFEv6SDcF2AcyqBI9S8I9T6r8ZYGHkvfx
	 us3R0fAJL6UiTSVslBsz+kuOvXiWyt6C7dwK/7X5ckdOJA8JQBarXdxF4CPOmw6GmM
	 6nr82Ye2QipCwZ4g12I6X8nHvRsgyC8mPuIKBLd8=
X-QQ-mid: esmtp11t1495033544tfiqjiikw
Received: from smtp.qq.com (unknown [171.113.125.210])
	by esmtp4.qq.com (ESMTP) with 
	id ; Wed, 17 May 2017 23:05:43 +0800 (CST)
X-QQ-SSF: B1000000000000F0F9203900002000U
X-QQ-FEAT: w4aaO6t/g8s6j8dpAtlD8st6phvOe8Y0XOH4IIkQ7ctAtMVBpKhMxDK7jwgvh
	PKajHtfvtgGyWlflnJBPNBJ1iCpr+avL1qmbQoay8T3slaHV/zWBj1IRM9AafxpfM6a9wkc
	oE3z0WiRQmbHeTt3C++x0we0uIMjNvnpM+VuRtaD5BRdxYb48xPLZWaEfK1XZJRnnAr/4GK
	xM1hs9AEO4VoHXCmX6t5YAO/2GVtvfMfOAirGCjzBlA==
X-QQ-GoodBg: 0
X-QQ-CSender: 382825415@qq.com
Sender: 382825415@qq.com
From: 
Sender: <382825415@qq.com>
To:"412199815@qq.com"<412199815@qq.com>
CC: "18040506495@163.com
Subject: =?UTF-8?B?U3ViamVjdA==?=
MIME-Version: 1.0
Content-Type: multipart/mixed;
  boundary="one"
X-QQ-SENDSIZE: 520
Feedback-ID: esmtp:qq.com:bgweb:bgweb125
X-CM-TRANSID:QsCowEBJC0_JZhxZeX05Dg--.44921S3
Message-Id:<591C66C9.078CA5.00847@m12-66.163.com>
Authentication-Results: mx16; spf=pass smtp.mail=382825415@qq.com; dki
	m=fail header.i=@qq.com
X-Coremail-Antispam: 1Uf129KBjDUn29KB7ZKAUJUUUUU529EdanIXcx71UUUUU7v73
	VFW2AGmfu7bjvjm3AaLaJ3UbIYCTnIWIevJa73UjIFyTuYvjxUH031DUUUU
Date: Wed, 17 May 2017 23:05:45 +0800 (CST)

)
A003 OK Fetch completed

2017-05-17 23:14:46 =======================================>> [C]:
A200 CLOSE

2017-05-17 23:14:46 =======================================>> [S]:
A200 OK CLOSE completed

2017-05-17 23:14:46 =======================================>> [C]:
A003 SELECT "INBOX"

2017-05-17 23:14:46 =======================================>> [S]:
* 1 EXISTS
* 0 RECENT
* OK [UIDVALIDITY 1] UIDs valid
* FLAGS (\Answered \Seen \Deleted \Draft \Flagged)
* OK [PERMANENTFLAGS (\Answered \Seen \Deleted \Draft \Flagged)] Limited
A003 OK [READ-WRITE] SELECT completed

2017-05-17 23:14:46 =======================================>> [C]:
A003 fetch 1 (RFC822.SIZE BODY[HEADER])

2017-05-17 23:14:47 =======================================>> [S]:
* 1 FETCH (RFC822.SIZE 1876 BODY[HEADER] {1761}
Received: from smtpbg323.qq.com (unknown [14.17.32.33])
	by mx16 (Coremail) with SMTP id QsCowEBJC0_JZhxZeX05Dg--.44921S3;
	Wed, 17 May 2017 23:05:45 +0800 (CST)
DKIM-Signature: v=1; a=rsa-sha256; c=relaxed/relaxed; d=qq.com; s=s201512;
	t=1495033544; bh=4tJr0MNlr2mhinx9Ok15X55urIwJSMxUv/kXNjf8Mv4=;
	h=Sender:From:Sender:To:CC:Subject:MIME-Version:Content-Type;
	b=yZJUOUhXPI4sQKPPB3Mihfha24poTXNbEFEv6SDcF2AcyqBI9S8I9T6r8ZYGHkvfx
	 us3R0fAJL6UiTSVslBsz+kuOvXiWyt6C7dwK/7X5ckdOJA8JQBarXdxF4CPOmw6GmM
	 6nr82Ye2QipCwZ4g12I6X8nHvRsgyC8mPuIKBLd8=
X-QQ-mid: esmtp11t1495033544tfiqjiikw
Received: from smtp.qq.com (unknown [171.113.125.210])
	by esmtp4.qq.com (ESMTP) with 
	id ; Wed, 17 May 2017 23:05:43 +0800 (CST)
X-QQ-SSF: B1000000000000F0F9203900002000U
X-QQ-FEAT: w4aaO6t/g8s6j8dpAtlD8st6phvOe8Y0XOH4IIkQ7ctAtMVBpKhMxDK7jwgvh
	PKajHtfvtgGyWlflnJBPNBJ1iCpr+avL1qmbQoay8T3slaHV/zWBj1IRM9AafxpfM6a9wkc
	oE3z0WiRQmbHeTt3C++x0we0uIMjNvnpM+VuRtaD5BRdxYb48xPLZWaEfK1XZJRnnAr/4GK
	xM1hs9AEO4VoHXCmX6t5YAO/2GVtvfMfOAirGCjzBlA==
X-QQ-GoodBg: 0
X-QQ-CSender: 382825415@qq.com
Sender: 382825415@qq.com
From: 
Sender: <382825415@qq.com>
To:"412199815@qq.com"<412199815@qq.com>
CC: "18040506495@163.com
Subject: =?UTF-8?B?U3ViamVjdA==?=
MIME-Version: 1.0
Content-Type: multipart/mixed;
  boundary="one"
X-QQ-SENDSIZE: 520
Feedback-ID: esmtp:qq.com:bgweb:bgweb125
X-CM-TRANSID:QsCowEBJC0_JZhxZeX05Dg--.44921S3
Message-Id:<591C66C9.078CA5.00847@m12-66.163.com>
Authentication-Results: mx16; spf=pass smtp.mail=382825415@qq.com; dki
	m=fail header.i=@qq.com
X-Coremail-Antispam: 1Uf129KBjDUn29KB7ZKAUJUUUUU529EdanIXcx71UUUUU7v73
	VFW2AGmfu7bjvjm3AaLaJ3UbIYCTnIWIevJa73UjIFyTuYvjxUH031DUUUU
Date: Wed, 17 May 2017 23:05:45 +0800 (CST)

)
A003 OK Fetch completed

2017-05-17 23:14:48 =======================================>> [C]:
A004 fetch 1 BODY[text]

2017-05-17 23:14:48 =======================================>> [S]:
* 1 FETCH (BODY[TEXT] {115}
--one
Content-Type: text/plain;
  charset="UTF-8"
Content-Transfer-Encoding: base64

MTEyMzEzMTI=

--one--
)
A004 OK Fetch completed

2017-05-17 23:16:09 =======================================>> [C]:
A200 CLOSE

2017-05-17 23:16:09 =======================================>> [S]:
A200 OK CLOSE completed

2017-05-17 23:16:09 =======================================>> [C]:
A100 LOGOUT

2017-05-17 23:16:09 =======================================>> [S]:
* BYE IMAP4rev1 Server logging out
A100 OK LOGOUT completed

iMap ==========================================================================>> New Connected:
iMap ==========================================================================>> New Connected:
2017-05-17 23:49:38 =======================================>> [S]:
* OK Coremail System IMap Server Ready(163com[726cd87d72d896a1ac393507346040fa])

2017-05-17 23:49:38 =======================================>> [C]:
A001 LOGIN 13125156410 jidashasha520

2017-05-17 23:49:38 =======================================>> [S]:
A001 OK LOGIN completed

2017-05-17 23:49:38 =======================================>> [C]:
A002 LIST "" *

2017-05-17 23:49:38 =======================================>> [S]:
* LIST () "/" "INBOX"
* LIST (\Drafts) "/" "&g0l6P3ux-"
* LIST (\Sent) "/" "&XfJT0ZAB-"
* LIST (\Trash) "/" "&XfJSIJZk-"
* LIST (\Junk) "/" "&V4NXPpCuTvY-"
* LIST () "/" "&dcVr0mWHTvZZOQ-"
* LIST () "/" "&i6KWBZCuTvY-"
A002 OK LIST Completed

2017-05-17 23:49:42 =======================================>> [C]:
A003 SELECT "INBOX"

2017-05-17 23:49:42 =======================================>> [S]:
* 1 EXISTS
* 0 RECENT
* OK [UIDVALIDITY 1] UIDs valid
* FLAGS (\Answered \Seen \Deleted \Draft \Flagged)
* OK [PERMANENTFLAGS (\Answered \Seen \Deleted \Draft \Flagged)] Limited
A003 OK [READ-WRITE] SELECT completed

2017-05-17 23:49:42 =======================================>> [C]:
A003 fetch 1 (RFC822.SIZE BODY[HEADER])

2017-05-17 23:49:42 =======================================>> [S]:
* 1 FETCH (RFC822.SIZE 1876 BODY[HEADER] {1761}
Received: from smtpbg323.qq.com (unknown [14.17.32.33])
	by mx16 (Coremail) with SMTP id QsCowEBJC0_JZhxZeX05Dg--.44921S3;
	Wed, 17 May 2017 23:05:45 +0800 (CST)
DKIM-Signature: v=1; a=rsa-sha256; c=relaxed/relaxed; d=qq.com; s=s201512;
	t=1495033544; bh=4tJr0MNlr2mhinx9Ok15X55urIwJSMxUv/kXNjf8Mv4=;
	h=Sender:From:Sender:To:CC:Subject:MIME-Version:Content-Type;
	b=yZJUOUhXPI4sQKPPB3Mihfha24poTXNbEFEv6SDcF2AcyqBI9S8I9T6r8ZYGHkvfx
	 us3R0fAJL6UiTSVslBsz+kuOvXiWyt6C7dwK/7X5ckdOJA8JQBarXdxF4CPOmw6GmM
	 6nr82Ye2QipCwZ4g12I6X8nHvRsgyC8mPuIKBLd8=
X-QQ-mid: esmtp11t1495033544tfiqjiikw
Received: from smtp.qq.com (unknown [171.113.125.210])
	by esmtp4.qq.com (ESMTP) with 
	id ; Wed, 17 May 2017 23:05:43 +0800 (CST)
X-QQ-SSF: B1000000000000F0F9203900002000U
X-QQ-FEAT: w4aaO6t/g8s6j8dpAtlD8st6phvOe8Y0XOH4IIkQ7ctAtMVBpKhMxDK7jwgvh
	PKajHtfvtgGyWlflnJBPNBJ1iCpr+avL1qmbQoay8T3slaHV/zWBj1IRM9AafxpfM6a9wkc
	oE3z0WiRQmbHeTt3C++x0we0uIMjNvnpM+VuRtaD5BRdxYb48xPLZWaEfK1XZJRnnAr/4GK
	xM1hs9AEO4VoHXCmX6t5YAO/2GVtvfMfOAirGCjzBlA==
X-QQ-GoodBg: 0
X-QQ-CSender: 382825415@qq.com
Sender: 382825415@qq.com
From: 
Sender: <382825415@qq.com>
To:"412199815@qq.com"<412199815@qq.com>
CC: "18040506495@163.com
Subject: =?UTF-8?B?U3ViamVjdA==?=
MIME-Version: 1.0
Content-Type: multipart/mixed;
  boundary="one"
X-QQ-SENDSIZE: 520
Feedback-ID: esmtp:qq.com:bgweb:bgweb125
X-CM-TRANSID:QsCowEBJC0_JZhxZeX05Dg--.44921S3
Message-Id:<591C66C9.078CA5.00847@m12-66.163.com>
Authentication-Results: mx16; spf=pass smtp.mail=382825415@qq.com; dki
	m=fail header.i=@qq.com
X-Coremail-Antispam: 1Uf129KBjDUn29KB7ZKAUJUUUUU529EdanIXcx71UUUUU7v73
	VFW2AGmfu7bjvjm3AaLaJ3UbIYCTnIWIevJa73UjIFyTuYvjxUH031DUUUU
Date: Wed, 17 May 2017 23:05:45 +0800 (CST)

)
A003 OK Fetch completed

2017-05-17 23:49:44 =======================================>> [C]:
A004 fetch 1 BODY[text]

2017-05-17 23:49:44 =======================================>> [S]:
* 1 FETCH (BODY[TEXT] {115}
--one
Content-Type: text/plain;
  charset="UTF-8"
Content-Transfer-Encoding: base64

MTEyMzEzMTI=

--one--
)
A004 OK Fetch completed

2017-05-18 00:09:15 =======================================>> [C]:
A200 CLOSE

2017-05-18 00:09:15 =======================================>> Wait Timeout!
2017-05-18 00:09:15 =======================================>> [C]:
A100 LOGOUT

2017-05-18 00:09:15 =======================================>> Wait Timeout!
iMap ==========================================================================>> New Connected:
2017-05-18 00:09:21 =======================================>> [S]:
* OK Coremail System IMap Server Ready(163com[726cd87d72d896a1ac393507346040fa])

2017-05-18 00:09:21 =======================================>> [C]:
A001 LOGIN 13125156410 jidashasha520

2017-05-18 00:09:21 =======================================>> [S]:
A001 OK LOGIN completed

2017-05-18 00:09:21 =======================================>> [C]:
A002 LIST "" *

2017-05-18 00:09:21 =======================================>> [S]:
* LIST () "/" "INBOX"
* LIST (\Drafts) "/" "&g0l6P3ux-"
* LIST (\Sent) "/" "&XfJT0ZAB-"
* LIST (\Trash) "/" "&XfJSIJZk-"
* LIST (\Junk) "/" "&V4NXPpCuTvY-"
* LIST () "/" "&dcVr0mWHTvZZOQ-"
* LIST () "/" "&i6KWBZCuTvY-"
A002 OK LIST Completed

2017-05-18 00:14:10 =======================================>> [C]:
A100 LOGOUT

2017-05-18 00:14:10 =======================================>> Wait Timeout!
iMap ==========================================================================>> New Connected:
2017-05-18 00:14:14 =======================================>> [S]:
* OK Coremail System IMap Server Ready(163com[726cd87d72d896a1ac393507346040fa])

2017-05-18 00:14:14 =======================================>> [C]:
A001 LOGIN 13125156410 jidashasha520

2017-05-18 00:14:15 =======================================>> [S]:
A001 OK LOGIN completed

2017-05-18 00:14:15 =======================================>> [C]:
A002 LIST "" *

2017-05-18 00:14:15 =======================================>> [S]:
* LIST () "/" "INBOX"
* LIST (\Drafts) "/" "&g0l6P3ux-"
* LIST (\Sent) "/" "&XfJT0ZAB-"
* LIST (\Trash) "/" "&XfJSIJZk-"
* LIST (\Junk) "/" "&V4NXPpCuTvY-"
* LIST () "/" "&dcVr0mWHTvZZOQ-"
* LIST () "/" "&i6KWBZCuTvY-"
A002 OK LIST Completed

2017-05-18 00:14:38 =======================================>> [C]:
A003 SELECT "INBOX"

2017-05-18 00:14:39 =======================================>> [S]:
* 1 EXISTS
* 0 RECENT
* OK [UIDVALIDITY 1] UIDs valid
* FLAGS (\Answered \Seen \Deleted \Draft \Flagged)
* OK [PERMANENTFLAGS (\Answered \Seen \Deleted \Draft \Flagged)] Limited
A003 OK [READ-WRITE] SELECT completed

2017-05-18 00:14:39 =======================================>> [C]:
A003 fetch 1 (RFC822.SIZE BODY[HEADER])

2017-05-18 00:14:39 =======================================>> [S]:
* 1 FETCH (RFC822.SIZE 1876 BODY[HEADER] {1761}
Received: from smtpbg323.qq.com (unknown [14.17.32.33])
	by mx16 (Coremail) with SMTP id QsCowEBJC0_JZhxZeX05Dg--.44921S3;
	Wed, 17 May 2017 23:05:45 +0800 (CST)
DKIM-Signature: v=1; a=rsa-sha256; c=relaxed/relaxed; d=qq.com; s=s201512;
	t=1495033544; bh=4tJr0MNlr2mhinx9Ok15X55urIwJSMxUv/kXNjf8Mv4=;
	h=Sender:From:Sender:To:CC:Subject:MIME-Version:Content-Type;
	b=yZJUOUhXPI4sQKPPB3Mihfha24poTXNbEFEv6SDcF2AcyqBI9S8I9T6r8ZYGHkvfx
	 us3R0fAJL6UiTSVslBsz+kuOvXiWyt6C7dwK/7X5ckdOJA8JQBarXdxF4CPOmw6GmM
	 6nr82Ye2QipCwZ4g12I6X8nHvRsgyC8mPuIKBLd8=
X-QQ-mid: esmtp11t1495033544tfiqjiikw
Received: from smtp.qq.com (unknown [171.113.125.210])
	by esmtp4.qq.com (ESMTP) with 
	id ; Wed, 17 May 2017 23:05:43 +0800 (CST)
X-QQ-SSF: B1000000000000F0F9203900002000U
X-QQ-FEAT: w4aaO6t/g8s6j8dpAtlD8st6phvOe8Y0XOH4IIkQ7ctAtMVBpKhMxDK7jwgvh
	PKajHtfvtgGyWlflnJBPNBJ1iCpr+avL1qmbQoay8T3slaHV/zWBj1IRM9AafxpfM6a9wkc
	oE3z0WiRQmbHeTt3C++x0we0uIMjNvnpM+VuRtaD5BRdxYb48xPLZWaEfK1XZJRnnAr/4GK
	xM1hs9AEO4VoHXCmX6t5YAO/2GVtvfMfOAirGCjzBlA==
X-QQ-GoodBg: 0
X-QQ-CSender: 382825415@qq.com
Sender: 382825415@qq.com
From: 
Sender: <382825415@qq.com>
To:"412199815@qq.com"<412199815@qq.com>
CC: "18040506495@163.com
Subject: =?UTF-8?B?U3ViamVjdA==?=
MIME-Version: 1.0
Content-Type: multipart/mixed;
  boundary="one"
X-QQ-SENDSIZE: 520
Feedback-ID: esmtp:qq.com:bgweb:bgweb125
X-CM-TRANSID:QsCowEBJC0_JZhxZeX05Dg--.44921S3
Message-Id:<591C66C9.078CA5.00847@m12-66.163.com>
Authentication-Results: mx16; spf=pass smtp.mail=382825415@qq.com; dki
	m=fail header.i=@qq.com
X-Coremail-Antispam: 1Uf129KBjDUn29KB7ZKAUJUUUUU529EdanIXcx71UUUUU7v73
	VFW2AGmfu7bjvjm3AaLaJ3UbIYCTnIWIevJa73UjIFyTuYvjxUH031DUUUU
Date: Wed, 17 May 2017 23:05:45 +0800 (CST)

)
A003 OK Fetch completed

2017-05-18 00:17:10 =======================================>> [C]:
A200 CLOSE

2017-05-18 00:17:10 =======================================>> [S]:
A200 OK CLOSE completed

2017-05-18 00:17:10 =======================================>> [C]:
A100 LOGOUT

2017-05-18 00:17:10 =======================================>> [S]:
* BYE IMAP4rev1 Server logging out
A100 OK LOGOUT completed

iMap ==========================================================================>> New Connected:
2017-05-18 00:17:13 =======================================>> [S]:
* OK Coremail System IMap Server Ready(163com[726cd87d72d896a1ac393507346040fa])

2017-05-18 00:17:13 =======================================>> [C]:
A001 LOGIN 13125156410 jidashasha520

2017-05-18 00:17:13 =======================================>> [S]:
A001 OK LOGIN completed

2017-05-18 00:17:13 =======================================>> [C]:
A002 LIST "" *

2017-05-18 00:17:13 =======================================>> [S]:
* LIST () "/" "INBOX"
* LIST (\Drafts) "/" "&g0l6P3ux-"
* LIST (\Sent) "/" "&XfJT0ZAB-"
* LIST (\Trash) "/" "&XfJSIJZk-"
* LIST (\Junk) "/" "&V4NXPpCuTvY-"
* LIST () "/" "&dcVr0mWHTvZZOQ-"
* LIST () "/" "&i6KWBZCuTvY-"
A002 OK LIST Completed

2017-05-18 00:18:48 =======================================>> [C]:
A100 LOGOUT

2017-05-18 00:18:48 =======================================>> [S]:
* BYE IMAP4rev1 Server logging out
A100 OK LOGOUT completed

iMap ==========================================================================>> New Connected:
2017-05-18 00:18:52 =======================================>> [S]:
* OK Coremail System IMap Server Ready(163com[726cd87d72d896a1ac393507346040fa])

2017-05-18 00:18:52 =======================================>> [C]:
A001 LOGIN 13125156410 jidashasha520

2017-05-18 00:18:52 =======================================>> [S]:
A001 OK LOGIN completed

2017-05-18 00:18:52 =======================================>> [C]:
A002 LIST "" *

2017-05-18 00:18:52 =======================================>> [S]:
* LIST () "/" "INBOX"
* LIST (\Drafts) "/" "&g0l6P3ux-"
* LIST (\Sent) "/" "&XfJT0ZAB-"
* LIST (\Trash) "/" "&XfJSIJZk-"
* LIST (\Junk) "/" "&V4NXPpCuTvY-"
* LIST () "/" "&dcVr0mWHTvZZOQ-"
* LIST () "/" "&i6KWBZCuTvY-"
A002 OK LIST Completed

2017-05-18 00:25:11 =======================================>> [C]:
A100 LOGOUT

2017-05-18 00:25:11 =======================================>> Wait Timeout!
iMap ==========================================================================>> New Connected:
2017-05-18 00:25:17 =======================================>> [S]:
* OK Coremail System IMap Server Ready(163com[726cd87d72d896a1ac393507346040fa])

2017-05-18 00:25:17 =======================================>> [C]:
A001 LOGIN 13125156410 jidashasha520

2017-05-18 00:25:17 =======================================>> [S]:
A001 OK LOGIN completed

2017-05-18 00:25:17 =======================================>> [C]:
A002 LIST "" *

2017-05-18 00:25:17 =======================================>> [S]:
* LIST () "/" "INBOX"
* LIST (\Drafts) "/" "&g0l6P3ux-"
* LIST (\Sent) "/" "&XfJT0ZAB-"
* LIST (\Trash) "/" "&XfJSIJZk-"
* LIST (\Junk) "/" "&V4NXPpCuTvY-"
* LIST () "/" "&dcVr0mWHTvZZOQ-"
* LIST () "/" "&i6KWBZCuTvY-"
A002 OK LIST Completed

2017-05-18 00:29:05 =======================================>> [C]:
A100 LOGOUT

2017-05-18 00:29:05 =======================================>> Wait Timeout!
iMap ==========================================================================>> New Connected:
2017-05-18 00:29:09 =======================================>> [S]:
* OK Coremail System IMap Server Ready(163com[726cd87d72d896a1ac393507346040fa])

2017-05-18 00:29:09 =======================================>> [C]:
A001 LOGIN 13125156410 jidashasha520

2017-05-18 00:29:09 =======================================>> [S]:
A001 OK LOGIN completed

2017-05-18 00:29:09 =======================================>> [C]:
A002 LIST "" *

2017-05-18 00:29:09 =======================================>> [S]:
* LIST () "/" "INBOX"
* LIST (\Drafts) "/" "&g0l6P3ux-"
* LIST (\Sent) "/" "&XfJT0ZAB-"
* LIST (\Trash) "/" "&XfJSIJZk-"
* LIST (\Junk) "/" "&V4NXPpCuTvY-"
* LIST () "/" "&dcVr0mWHTvZZOQ-"
* LIST () "/" "&i6KWBZCuTvY-"
A002 OK LIST Completed

2017-05-18 00:30:08 =======================================>> [C]:
A100 LOGOUT

2017-05-18 00:30:08 =======================================>> [S]:
* BYE IMAP4rev1 Server logging out
A100 OK LOGOUT completed

iMap ==========================================================================>> New Connected:
2017-05-18 00:30:37 =======================================>> [S]:
* OK Coremail System IMap Server Ready(163com[726cd87d72d896a1ac393507346040fa])

2017-05-18 00:30:37 =======================================>> [C]:
A001 LOGIN 13125156410 jidashasha520

2017-05-18 00:30:37 =======================================>> [S]:
A001 OK LOGIN completed

2017-05-18 00:30:37 =======================================>> [C]:
A002 LIST "" *

2017-05-18 00:30:37 =======================================>> [S]:
* LIST () "/" "INBOX"
* LIST (\Drafts) "/" "&g0l6P3ux-"
* LIST (\Sent) "/" "&XfJT0ZAB-"
* LIST (\Trash) "/" "&XfJSIJZk-"
* LIST (\Junk) "/" "&V4NXPpCuTvY-"
* LIST () "/" "&dcVr0mWHTvZZOQ-"
* LIST () "/" "&i6KWBZCuTvY-"
A002 OK LIST Completed

2017-05-18 00:35:32 =======================================>> [C]:
A100 LOGOUT

2017-05-18 00:35:32 =======================================>> Wait Timeout!
iMap ==========================================================================>> New Connected:
2017-05-18 00:35:37 =======================================>> [S]:
* OK Coremail System IMap Server Ready(163com[726cd87d72d896a1ac393507346040fa])

2017-05-18 00:35:37 =======================================>> [C]:
A001 LOGIN 13125156410 jidashasha520

2017-05-18 00:35:37 =======================================>> [S]:
A001 OK LOGIN completed

2017-05-18 00:35:37 =======================================>> [C]:
A002 LIST "" *

2017-05-18 00:35:37 =======================================>> [S]:
* LIST () "/" "INBOX"
* LIST (\Drafts) "/" "&g0l6P3ux-"
* LIST (\Sent) "/" "&XfJT0ZAB-"
* LIST (\Trash) "/" "&XfJSIJZk-"
* LIST (\Junk) "/" "&V4NXPpCuTvY-"
* LIST () "/" "&dcVr0mWHTvZZOQ-"
* LIST () "/" "&i6KWBZCuTvY-"
A002 OK LIST Completed

2017-05-18 00:36:29 =======================================>> [C]:
A100 LOGOUT

2017-05-18 00:36:29 =======================================>> [S]:
* BYE IMAP4rev1 Server logging out
A100 OK LOGOUT completed

iMap ==========================================================================>> New Connected:
2017-05-18 00:36:33 =======================================>> [S]:
* OK Coremail System IMap Server Ready(163com[726cd87d72d896a1ac393507346040fa])

2017-05-18 00:36:33 =======================================>> [C]:
A001 LOGIN 13125156410 jidashasha520

2017-05-18 00:36:33 =======================================>> [S]:
A001 OK LOGIN completed

2017-05-18 00:36:33 =======================================>> [C]:
A002 LIST "" *

2017-05-18 00:36:33 =======================================>> [S]:
* LIST () "/" "INBOX"
* LIST (\Drafts) "/" "&g0l6P3ux-"
* LIST (\Sent) "/" "&XfJT0ZAB-"
* LIST (\Trash) "/" "&XfJSIJZk-"
* LIST (\Junk) "/" "&V4NXPpCuTvY-"
* LIST () "/" "&dcVr0mWHTvZZOQ-"
* LIST () "/" "&i6KWBZCuTvY-"
A002 OK LIST Completed

2017-05-18 00:37:59 =======================================>> [C]:
A100 LOGOUT

2017-05-18 00:37:59 =======================================>> [S]:
* BYE IMAP4rev1 Server logging out
A100 OK LOGOUT completed

iMap ==========================================================================>> New Connected:
2017-05-18 00:38:03 =======================================>> [S]:
* OK Coremail System IMap Server Ready(163com[726cd87d72d896a1ac393507346040fa])

2017-05-18 00:38:03 =======================================>> [C]:
A001 LOGIN 13125156410 jidashasha520

2017-05-18 00:38:03 =======================================>> [S]:
A001 OK LOGIN completed

2017-05-18 00:38:03 =======================================>> [C]:
A002 LIST "" *

2017-05-18 00:38:03 =======================================>> [S]:
* LIST () "/" "INBOX"
* LIST (\Drafts) "/" "&g0l6P3ux-"
* LIST (\Sent) "/" "&XfJT0ZAB-"
* LIST (\Trash) "/" "&XfJSIJZk-"
* LIST (\Junk) "/" "&V4NXPpCuTvY-"
* LIST () "/" "&dcVr0mWHTvZZOQ-"
* LIST () "/" "&i6KWBZCuTvY-"
A002 OK LIST Completed

2017-05-18 00:39:31 =======================================>> [C]:
A100 LOGOUT

2017-05-18 00:39:31 =======================================>> [S]:
* BYE IMAP4rev1 Server logging out
A100 OK LOGOUT completed

iMap ==========================================================================>> New Connected:
iMap ==========================================================================>> New Connected:
2017-05-18 00:41:53 =======================================>> [S]:
* OK Coremail System IMap Server Ready(163com[726cd87d72d896a1ac393507346040fa])

2017-05-18 00:41:53 =======================================>> [C]:
A001 LOGIN 13125156410 jidashasha520

2017-05-18 00:41:53 =======================================>> [S]:
A001 OK LOGIN completed

2017-05-18 00:41:53 =======================================>> [C]:
A002 LIST "" *

2017-05-18 00:41:53 =======================================>> [S]:
* LIST () "/" "INBOX"
* LIST (\Drafts) "/" "&g0l6P3ux-"
* LIST (\Sent) "/" "&XfJT0ZAB-"
* LIST (\Trash) "/" "&XfJSIJZk-"
* LIST (\Junk) "/" "&V4NXPpCuTvY-"
* LIST () "/" "&dcVr0mWHTvZZOQ-"
* LIST () "/" "&i6KWBZCuTvY-"
A002 OK LIST Completed

2017-05-18 00:45:11 =======================================>> [C]:
A100 LOGOUT

2017-05-18 00:45:12 =======================================>> [S]:
* BYE IMAP4rev1 Server logging out
A100 OK LOGOUT completed

iMap ==========================================================================>> New Connected:
iMap ==========================================================================>> New Connected:
2017-05-18 00:51:10 =======================================>> [S]:
* OK Coremail System IMap Server Ready(163com[726cd87d72d896a1ac393507346040fa])

2017-05-18 00:51:10 =======================================>> [C]:
A001 LOGIN 13125156410 jidashasha520

2017-05-18 00:51:10 =======================================>> [S]:
A001 OK LOGIN completed

2017-05-18 00:51:10 =======================================>> [C]:
A002 LIST "" *

2017-05-18 00:51:11 =======================================>> [S]:
* LIST () "/" "INBOX"
* LIST (\Drafts) "/" "&g0l6P3ux-"
* LIST (\Sent) "/" "&XfJT0ZAB-"
* LIST (\Trash) "/" "&XfJSIJZk-"
* LIST (\Junk) "/" "&V4NXPpCuTvY-"
* LIST () "/" "&dcVr0mWHTvZZOQ-"
* LIST () "/" "&i6KWBZCuTvY-"
A002 OK LIST Completed

2017-05-18 00:52:25 =======================================>> [C]:
A100 LOGOUT

2017-05-18 00:52:26 =======================================>> [S]:
* BYE IMAP4rev1 Server logging out
A100 OK LOGOUT completed

iMap ==========================================================================>> New Connected:
iMap ==========================================================================>> New Connected:
2017-05-18 00:56:20 =======================================>> [S]:
* OK Coremail System IMap Server Ready(163com[726cd87d72d896a1ac393507346040fa])

2017-05-18 00:56:20 =======================================>> [C]:
A001 LOGIN 13125156410 jidashasha520

2017-05-18 00:56:20 =======================================>> [S]:
A001 OK LOGIN completed

2017-05-18 00:56:20 =======================================>> [C]:
A002 LIST "" *

2017-05-18 00:56:20 =======================================>> [S]:
* LIST () "/" "INBOX"
* LIST (\Drafts) "/" "&g0l6P3ux-"
* LIST (\Sent) "/" "&XfJT0ZAB-"
* LIST (\Trash) "/" "&XfJSIJZk-"
* LIST (\Junk) "/" "&V4NXPpCuTvY-"
* LIST () "/" "&dcVr0mWHTvZZOQ-"
* LIST () "/" "&i6KWBZCuTvY-"
A002 OK LIST Completed

2017-05-18 00:57:19 =======================================>> [C]:
A100 LOGOUT

2017-05-18 00:57:19 =======================================>> [S]:
* BYE IMAP4rev1 Server logging out
A100 OK LOGOUT completed

iMap ==========================================================================>> New Connected:
iMap ==========================================================================>> New Connected:
iMap ==========================================================================>> New Connected:
2017-05-18 01:03:53 =======================================>> [S]:
* OK Coremail System IMap Server Ready(163com[726cd87d72d896a1ac393507346040fa])

2017-05-18 01:03:53 =======================================>> [C]:
A001 LOGIN 13125156410 jidashasha520

2017-05-18 01:03:53 =======================================>> [S]:
A001 OK LOGIN completed

2017-05-18 01:03:53 =======================================>> [C]:
A002 LIST "" *

2017-05-18 01:03:53 =======================================>> [S]:
* LIST () "/" "INBOX"
* LIST (\Drafts) "/" "&g0l6P3ux-"
* LIST (\Sent) "/" "&XfJT0ZAB-"
* LIST (\Trash) "/" "&XfJSIJZk-"
* LIST (\Junk) "/" "&V4NXPpCuTvY-"
* LIST () "/" "&dcVr0mWHTvZZOQ-"
* LIST () "/" "&i6KWBZCuTvY-"
A002 OK LIST Completed

2017-05-18 01:04:27 =======================================>> [C]:
A100 LOGOUT

2017-05-18 01:04:27 =======================================>> [S]:
* BYE IMAP4rev1 Server logging out
A100 OK LOGOUT completed

iMap ==========================================================================>> New Connected:
2017-05-18 01:04:29 =======================================>> [S]:
* OK Coremail System IMap Server Ready(163com[726cd87d72d896a1ac393507346040fa])

2017-05-18 01:04:29 =======================================>> [C]:
A001 LOGIN 13125156410 jidashasha520

2017-05-18 01:04:29 =======================================>> [S]:
A001 OK LOGIN completed

2017-05-18 01:04:29 =======================================>> [C]:
A002 LIST "" *

2017-05-18 01:04:29 =======================================>> [S]:
* LIST () "/" "INBOX"
* LIST (\Drafts) "/" "&g0l6P3ux-"
* LIST (\Sent) "/" "&XfJT0ZAB-"
* LIST (\Trash) "/" "&XfJSIJZk-"
* LIST (\Junk) "/" "&V4NXPpCuTvY-"
* LIST () "/" "&dcVr0mWHTvZZOQ-"
* LIST () "/" "&i6KWBZCuTvY-"
A002 OK LIST Completed

2017-05-18 01:04:31 =======================================>> [C]:
A100 LOGOUT

2017-05-18 01:04:31 =======================================>> [S]:
* BYE IMAP4rev1 Server logging out
A100 OK LOGOUT completed

iMap ==========================================================================>> New Connected:
2017-05-18 01:04:38 =======================================>> [S]:
* OK Coremail System IMap Server Ready(163com[726cd87d72d896a1ac393507346040fa])

2017-05-18 01:04:38 =======================================>> [C]:
A001 LOGIN 13125156410 jidashasha520

2017-05-18 01:04:38 =======================================>> [S]:
A001 OK LOGIN completed

2017-05-18 01:04:38 =======================================>> [C]:
A002 LIST "" *

2017-05-18 01:04:38 =======================================>> [S]:
* LIST () "/" "INBOX"
* LIST (\Drafts) "/" "&g0l6P3ux-"
* LIST (\Sent) "/" "&XfJT0ZAB-"
* LIST (\Trash) "/" "&XfJSIJZk-"
* LIST (\Junk) "/" "&V4NXPpCuTvY-"
* LIST () "/" "&dcVr0mWHTvZZOQ-"
* LIST () "/" "&i6KWBZCuTvY-"
A002 OK LIST Completed

2017-05-18 01:04:52 =======================================>> [C]:
A100 LOGOUT

2017-05-18 01:04:52 =======================================>> [S]:
* BYE IMAP4rev1 Server logging out
A100 OK LOGOUT completed

iMap ==========================================================================>> New Connected:
2017-05-18 01:04:56 =======================================>> [S]:
* OK Coremail System IMap Server Ready(163com[726cd87d72d896a1ac393507346040fa])

2017-05-18 01:04:56 =======================================>> [C]:
A001 LOGIN 13125156410 jidashasha520

2017-05-18 01:04:57 =======================================>> [S]:
A001 OK LOGIN completed

2017-05-18 01:04:57 =======================================>> [C]:
A002 LIST "" *

2017-05-18 01:04:57 =======================================>> [S]:
* LIST () "/" "INBOX"
* LIST (\Drafts) "/" "&g0l6P3ux-"
* LIST (\Sent) "/" "&XfJT0ZAB-"
* LIST (\Trash) "/" "&XfJSIJZk-"
* LIST (\Junk) "/" "&V4NXPpCuTvY-"
* LIST () "/" "&dcVr0mWHTvZZOQ-"
* LIST () "/" "&i6KWBZCuTvY-"
A002 OK LIST Completed

2017-05-18 01:04:59 =======================================>> [C]:
A100 LOGOUT

2017-05-18 01:04:59 =======================================>> [S]:
* BYE IMAP4rev1 Server logging out
A100 OK LOGOUT completed

iMap ==========================================================================>> New Connected:
iMap ==========================================================================>> New Connected:
2017-05-18 01:08:22 =======================================>> [S]:
* OK Coremail System IMap Server Ready(163com[726cd87d72d896a1ac393507346040fa])

2017-05-18 01:08:22 =======================================>> [C]:
A001 LOGIN 13125156410 jidashasha520

2017-05-18 01:08:22 =======================================>> [S]:
A001 OK LOGIN completed

2017-05-18 01:08:22 =======================================>> [C]:
A002 LIST "" *

2017-05-18 01:08:22 =======================================>> [S]:
* LIST () "/" "INBOX"
* LIST (\Drafts) "/" "&g0l6P3ux-"
* LIST (\Sent) "/" "&XfJT0ZAB-"
* LIST (\Trash) "/" "&XfJSIJZk-"
* LIST (\Junk) "/" "&V4NXPpCuTvY-"
* LIST () "/" "&dcVr0mWHTvZZOQ-"
* LIST () "/" "&i6KWBZCuTvY-"
A002 OK LIST Completed

2017-05-18 01:08:44 =======================================>> [C]:
A100 LOGOUT

2017-05-18 01:08:44 =======================================>> [S]:
* BYE IMAP4rev1 Server logging out
A100 OK LOGOUT completed

iMap ==========================================================================>> New Connected:
2017-05-18 01:09:50 =======================================>> [S]:
* OK Coremail System IMap Server Ready(163com[726cd87d72d896a1ac393507346040fa])

2017-05-18 01:09:50 =======================================>> [C]:
A001 LOGIN 13125156410 jidashasha520

2017-05-18 01:09:51 =======================================>> [S]:
A001 OK LOGIN completed

2017-05-18 01:09:51 =======================================>> [C]:
A002 LIST "" *

2017-05-18 01:09:52 =======================================>> [S]:
* LIST () "/" "INBOX"
* LIST (\Drafts) "/" "&g0l6P3ux-"
* LIST (\Sent) "/" "&XfJT0ZAB-"
* LIST (\Trash) "/" "&XfJSIJZk-"
* LIST (\Junk) "/" "&V4NXPpCuTvY-"
* LIST () "/" "&dcVr0mWHTvZZOQ-"
* LIST () "/" "&i6KWBZCuTvY-"
A002 OK LIST Completed

2017-05-18 01:10:01 =======================================>> [C]:
A100 LOGOUT

2017-05-18 01:10:01 =======================================>> [S]:
* BYE IMAP4rev1 Server logging out
A100 OK LOGOUT completed

iMap ==========================================================================>> New Connected:
2017-05-18 01:16:10 =======================================>> [S]:
* OK Coremail System IMap Server Ready(163com[726cd87d72d896a1ac393507346040fa])

2017-05-18 01:16:10 =======================================>> [C]:
A001 LOGIN 13125156410 jidashasha520

2017-05-18 01:16:11 =======================================>> [S]:
A001 OK LOGIN completed

2017-05-18 01:16:11 =======================================>> [C]:
A002 LIST "" *

2017-05-18 01:16:11 =======================================>> [S]:
* LIST () "/" "INBOX"
* LIST (\Drafts) "/" "&g0l6P3ux-"
* LIST (\Sent) "/" "&XfJT0ZAB-"
* LIST (\Trash) "/" "&XfJSIJZk-"
* LIST (\Junk) "/" "&V4NXPpCuTvY-"
* LIST () "/" "&dcVr0mWHTvZZOQ-"
* LIST () "/" "&i6KWBZCuTvY-"
A002 OK LIST Completed

2017-05-18 01:17:24 =======================================>> [C]:
A100 LOGOUT

2017-05-18 01:17:24 =======================================>> [S]:
* BYE IMAP4rev1 Server logging out
A100 OK LOGOUT completed

iMap ==========================================================================>> New Connected:
2017-05-18 01:17:29 =======================================>> [S]:
* OK Coremail System IMap Server Ready(163com[726cd87d72d896a1ac393507346040fa])

2017-05-18 01:17:29 =======================================>> [C]:
A001 LOGIN 13125156410 jidashasha520

2017-05-18 01:17:29 =======================================>> [S]:
A001 OK LOGIN completed

2017-05-18 01:17:29 =======================================>> [C]:
A002 LIST "" *

2017-05-18 01:17:30 =======================================>> [S]:
* LIST () "/" "INBOX"
* LIST (\Drafts) "/" "&g0l6P3ux-"
* LIST (\Sent) "/" "&XfJT0ZAB-"
* LIST (\Trash) "/" "&XfJSIJZk-"
* LIST (\Junk) "/" "&V4NXPpCuTvY-"
* LIST () "/" "&dcVr0mWHTvZZOQ-"
* LIST () "/" "&i6KWBZCuTvY-"
A002 OK LIST Completed

2017-05-18 01:18:26 =======================================>> [C]:
A100 LOGOUT

2017-05-18 01:18:26 =======================================>> [S]:
* BYE IMAP4rev1 Server logging out
A100 OK LOGOUT completed

iMap ==========================================================================>> New Connected:
2017-05-18 01:18:30 =======================================>> [S]:
* OK Coremail System IMap Server Ready(163com[726cd87d72d896a1ac393507346040fa])

2017-05-18 01:18:30 =======================================>> [C]:
A001 LOGIN 13125156410 jidashasha520

2017-05-18 01:18:30 =======================================>> [S]:
A001 OK LOGIN completed

2017-05-18 01:18:30 =======================================>> [C]:
A002 LIST "" *

2017-05-18 01:18:30 =======================================>> [S]:
* LIST () "/" "INBOX"
* LIST (\Drafts) "/" "&g0l6P3ux-"
* LIST (\Sent) "/" "&XfJT0ZAB-"
* LIST (\Trash) "/" "&XfJSIJZk-"
* LIST (\Junk) "/" "&V4NXPpCuTvY-"
* LIST () "/" "&dcVr0mWHTvZZOQ-"
* LIST () "/" "&i6KWBZCuTvY-"
A002 OK LIST Completed

2017-05-18 01:19:01 =======================================>> [C]:
A100 LOGOUT

2017-05-18 01:19:01 =======================================>> [S]:
* BYE IMAP4rev1 Server logging out
A100 OK LOGOUT completed

iMap ==========================================================================>> New Connected:
2017-05-18 01:19:16 =======================================>> [S]:
* OK Coremail System IMap Server Ready(163com[726cd87d72d896a1ac393507346040fa])

2017-05-18 01:19:16 =======================================>> [C]:
A001 LOGIN 13125156410 jidashasha520

2017-05-18 01:19:17 =======================================>> [S]:
A001 OK LOGIN completed

2017-05-18 01:19:17 =======================================>> [C]:
A002 LIST "" *

2017-05-18 01:19:17 =======================================>> [S]:
* LIST () "/" "INBOX"
* LIST (\Drafts) "/" "&g0l6P3ux-"
* LIST (\Sent) "/" "&XfJT0ZAB-"
* LIST (\Trash) "/" "&XfJSIJZk-"
* LIST (\Junk) "/" "&V4NXPpCuTvY-"
* LIST () "/" "&dcVr0mWHTvZZOQ-"
* LIST () "/" "&i6KWBZCuTvY-"
A002 OK LIST Completed

2017-05-18 01:19:38 =======================================>> [C]:
A100 LOGOUT

2017-05-18 01:19:38 =======================================>> [S]:
* BYE IMAP4rev1 Server logging out
A100 OK LOGOUT completed

iMap ==========================================================================>> New Connected:
2017-05-18 01:19:55 =======================================>> [S]:
* OK Coremail System IMap Server Ready(163com[726cd87d72d896a1ac393507346040fa])

2017-05-18 01:19:55 =======================================>> [C]:
A001 LOGIN 13125156410 jidashasha520

2017-05-18 01:19:56 =======================================>> [S]:
A001 OK LOGIN completed

2017-05-18 01:19:56 =======================================>> [C]:
A002 LIST "" *

2017-05-18 01:19:56 =======================================>> [S]:
* LIST () "/" "INBOX"
* LIST (\Drafts) "/" "&g0l6P3ux-"
* LIST (\Sent) "/" "&XfJT0ZAB-"
* LIST (\Trash) "/" "&XfJSIJZk-"
* LIST (\Junk) "/" "&V4NXPpCuTvY-"
* LIST () "/" "&dcVr0mWHTvZZOQ-"
* LIST () "/" "&i6KWBZCuTvY-"
A002 OK LIST Completed

2017-05-18 01:21:14 =======================================>> [C]:
A100 LOGOUT

2017-05-18 01:21:15 =======================================>> [S]:
* BYE IMAP4rev1 Server logging out
A100 OK LOGOUT completed

iMap ==========================================================================>> New Connected:
2017-05-18 01:21:18 =======================================>> [S]:
* OK Coremail System IMap Server Ready(163com[726cd87d72d896a1ac393507346040fa])

2017-05-18 01:21:18 =======================================>> [C]:
A001 LOGIN 13125156410 jidashasha520

2017-05-18 01:21:18 =======================================>> [S]:
A001 OK LOGIN completed

2017-05-18 01:21:18 =======================================>> [C]:
A002 LIST "" *

2017-05-18 01:21:18 =======================================>> [S]:
* LIST () "/" "INBOX"
* LIST (\Drafts) "/" "&g0l6P3ux-"
* LIST (\Sent) "/" "&XfJT0ZAB-"
* LIST (\Trash) "/" "&XfJSIJZk-"
* LIST (\Junk) "/" "&V4NXPpCuTvY-"
* LIST () "/" "&dcVr0mWHTvZZOQ-"
* LIST () "/" "&i6KWBZCuTvY-"
A002 OK LIST Completed

2017-05-18 01:22:48 =======================================>> [C]:
A100 LOGOUT

2017-05-18 01:22:48 =======================================>> [S]:
* BYE IMAP4rev1 Server logging out
A100 OK LOGOUT completed

iMap ==========================================================================>> New Connected:
2017-05-18 01:22:53 =======================================>> [S]:
* OK Coremail System IMap Server Ready(163com[726cd87d72d896a1ac393507346040fa])

2017-05-18 01:22:53 =======================================>> [C]:
A001 LOGIN 13125156410 jidashasha520

2017-05-18 01:22:53 =======================================>> [S]:
A001 OK LOGIN completed

2017-05-18 01:22:53 =======================================>> [C]:
A002 LIST "" *

2017-05-18 01:22:54 =======================================>> [S]:
* LIST () "/" "INBOX"
* LIST (\Drafts) "/" "&g0l6P3ux-"
* LIST (\Sent) "/" "&XfJT0ZAB-"
* LIST (\Trash) "/" "&XfJSIJZk-"
* LIST (\Junk) "/" "&V4NXPpCuTvY-"
* LIST () "/" "&dcVr0mWHTvZZOQ-"
* LIST () "/" "&i6KWBZCuTvY-"
A002 OK LIST Completed

2017-05-18 01:26:57 =======================================>> [C]:
A100 LOGOUT

2017-05-18 01:26:57 =======================================>> Wait Timeout!
iMap ==========================================================================>> New Connected:
2017-05-18 01:27:02 =======================================>> [S]:
* OK Coremail System IMap Server Ready(163com[726cd87d72d896a1ac393507346040fa])

2017-05-18 01:27:02 =======================================>> [C]:
A001 LOGIN 13125156410 jidashasha520

2017-05-18 01:27:02 =======================================>> [S]:
A001 OK LOGIN completed

2017-05-18 01:27:02 =======================================>> [C]:
A002 LIST "" *

2017-05-18 01:27:02 =======================================>> [S]:
* LIST () "/" "INBOX"
* LIST (\Drafts) "/" "&g0l6P3ux-"
* LIST (\Sent) "/" "&XfJT0ZAB-"
* LIST (\Trash) "/" "&XfJSIJZk-"
* LIST (\Junk) "/" "&V4NXPpCuTvY-"
* LIST () "/" "&dcVr0mWHTvZZOQ-"
* LIST () "/" "&i6KWBZCuTvY-"
A002 OK LIST Completed

2017-05-18 01:28:02 =======================================>> [C]:
A100 LOGOUT

2017-05-18 01:28:02 =======================================>> [S]:
* BYE IMAP4rev1 Server logging out
A100 OK LOGOUT completed

iMap ==========================================================================>> New Connected:
2017-05-18 01:28:08 =======================================>> [S]:
* OK Coremail System IMap Server Ready(163com[726cd87d72d896a1ac393507346040fa])

2017-05-18 01:28:08 =======================================>> [C]:
A001 LOGIN 13125156410 jidashasha520

2017-05-18 01:28:08 =======================================>> [S]:
A001 OK LOGIN completed

2017-05-18 01:28:08 =======================================>> [C]:
A002 LIST "" *

2017-05-18 01:28:08 =======================================>> [S]:
* LIST () "/" "INBOX"
* LIST (\Drafts) "/" "&g0l6P3ux-"
* LIST (\Sent) "/" "&XfJT0ZAB-"
* LIST (\Trash) "/" "&XfJSIJZk-"
* LIST (\Junk) "/" "&V4NXPpCuTvY-"
* LIST () "/" "&dcVr0mWHTvZZOQ-"
* LIST () "/" "&i6KWBZCuTvY-"
A002 OK LIST Completed

2017-05-18 01:28:37 =======================================>> [C]:
A100 LOGOUT

2017-05-18 01:28:37 =======================================>> [S]:
* BYE IMAP4rev1 Server logging out
A100 OK LOGOUT completed

iMap ==========================================================================>> New Connected:
2017-05-18 11:19:14 =======================================>> [S]:
* OK Coremail System IMap Server Ready(163com[726cd87d72d896a1ac393507346040fa])

2017-05-18 11:19:14 =======================================>> [C]:
A001 LOGIN 13125156410 jidashasha520

2017-05-18 11:19:14 =======================================>> [S]:
A001 OK LOGIN completed

2017-05-18 11:19:14 =======================================>> [C]:
A002 LIST "" *

2017-05-18 11:19:14 =======================================>> [S]:
* LIST () "/" "INBOX"
* LIST (\Drafts) "/" "&g0l6P3ux-"
* LIST (\Sent) "/" "&XfJT0ZAB-"
* LIST (\Trash) "/" "&XfJSIJZk-"
* LIST (\Junk) "/" "&V4NXPpCuTvY-"
* LIST () "/" "&dcVr0mWHTvZZOQ-"
* LIST () "/" "&i6KWBZCuTvY-"
A002 OK LIST Completed

2017-05-18 11:19:18 =======================================>> [C]:
A003 SELECT "&g0l6P3ux-"

2017-05-18 11:19:18 =======================================>> [S]:
* 0 EXISTS
* 0 RECENT
* OK [UIDVALIDITY 2] UIDs valid
* FLAGS (\Answered \Seen \Deleted \Draft \Flagged)
* OK [PERMANENTFLAGS (\Answered \Seen \Deleted \Draft \Flagged)] Limited
A003 OK [READ-WRITE] SELECT completed

2017-05-18 11:19:19 =======================================>> [C]:
A200 CLOSE

2017-05-18 11:19:19 =======================================>> [S]:
A200 OK CLOSE completed

2017-05-18 11:19:19 =======================================>> [C]:
A003 SELECT "INBOX"

2017-05-18 11:19:19 =======================================>> [S]:
* 1 EXISTS
* 0 RECENT
* OK [UIDVALIDITY 1] UIDs valid
* FLAGS (\Answered \Seen \Deleted \Draft \Flagged)
* OK [PERMANENTFLAGS (\Answered \Seen \Deleted \Draft \Flagged)] Limited
A003 OK [READ-WRITE] SELECT completed

2017-05-18 11:19:19 =======================================>> [C]:
A003 fetch 1 (RFC822.SIZE BODY[HEADER])

2017-05-18 11:19:19 =======================================>> [S]:
* 1 FETCH (RFC822.SIZE 1876 BODY[HEADER] {1761}
Received: from smtpbg323.qq.com (unknown [14.17.32.33])
	by mx16 (Coremail) with SMTP id QsCowEBJC0_JZhxZeX05Dg--.44921S3;
	Wed, 17 May 2017 23:05:45 +0800 (CST)
DKIM-Signature: v=1; a=rsa-sha256; c=relaxed/relaxed; d=qq.com; s=s201512;
	t=1495033544; bh=4tJr0MNlr2mhinx9Ok15X55urIwJSMxUv/kXNjf8Mv4=;
	h=Sender:From:Sender:To:CC:Subject:MIME-Version:Content-Type;
	b=yZJUOUhXPI4sQKPPB3Mihfha24poTXNbEFEv6SDcF2AcyqBI9S8I9T6r8ZYGHkvfx
	 us3R0fAJL6UiTSVslBsz+kuOvXiWyt6C7dwK/7X5ckdOJA8JQBarXdxF4CPOmw6GmM
	 6nr82Ye2QipCwZ4g12I6X8nHvRsgyC8mPuIKBLd8=
X-QQ-mid: esmtp11t1495033544tfiqjiikw
Received: from smtp.qq.com (unknown [171.113.125.210])
	by esmtp4.qq.com (ESMTP) with 
	id ; Wed, 17 May 2017 23:05:43 +0800 (CST)
X-QQ-SSF: B1000000000000F0F9203900002000U
X-QQ-FEAT: w4aaO6t/g8s6j8dpAtlD8st6phvOe8Y0XOH4IIkQ7ctAtMVBpKhMxDK7jwgvh
	PKajHtfvtgGyWlflnJBPNBJ1iCpr+avL1qmbQoay8T3slaHV/zWBj1IRM9AafxpfM6a9wkc
	oE3z0WiRQmbHeTt3C++x0we0uIMjNvnpM+VuRtaD5BRdxYb48xPLZWaEfK1XZJRnnAr/4GK
	xM1hs9AEO4VoHXCmX6t5YAO/2GVtvfMfOAirGCjzBlA==
X-QQ-GoodBg: 0
X-QQ-CSender: 382825415@qq.com
Sender: 382825415@qq.com
From: 
Sender: <382825415@qq.com>
To:"412199815@qq.com"<412199815@qq.com>
CC: "18040506495@163.com
Subject: =?UTF-8?B?U3ViamVjdA==?=
MIME-Version: 1.0
Content-Type: multipart/mixed;
  boundary="one"
X-QQ-SENDSIZE: 520
Feedback-ID: esmtp:qq.com:bgweb:bgweb125
X-CM-TRANSID:QsCowEBJC0_JZhxZeX05Dg--.44921S3
Message-Id:<591C66C9.078CA5.00847@m12-66.163.com>
Authentication-Results: mx16; spf=pass smtp.mail=382825415@qq.com; dki
	m=fail header.i=@qq.com
X-Coremail-Antispam: 1Uf129KBjDUn29KB7ZKAUJUUUUU529EdanIXcx71UUUUU7v73
	VFW2AGmfu7bjvjm3AaLaJ3UbIYCTnIWIevJa73UjIFyTuYvjxUH031DUUUU
Date: Wed, 17 May 2017 23:05:45 +0800 (CST)

)
A003 OK Fetch completed

2017-05-18 11:19:21 =======================================>> [C]:
A004 fetch 1 BODY[text]

2017-05-18 11:19:21 =======================================>> [S]:
* 1 FETCH (BODY[TEXT] {115}
--one
Content-Type: text/plain;
  charset="UTF-8"
Content-Transfer-Encoding: base64

MTEyMzEzMTI=

--one--
)
A004 OK Fetch completed

2017-05-18 11:23:06 =======================================>> [C]:
A200 CLOSE

2017-05-18 11:23:06 =======================================>> Wait Timeout!
2017-05-18 11:23:06 =======================================>> [C]:
A100 LOGOUT

2017-05-18 11:23:06 =======================================>> Wait Timeout!
iMap ==========================================================================>> New Connected:
2017-05-18 11:23:10 =======================================>> [S]:
* OK Coremail System IMap Server Ready(163com[726cd87d72d896a1ac393507346040fa])

2017-05-18 11:23:10 =======================================>> [C]:
A001 LOGIN 13125156410 jidashasha520

2017-05-18 11:23:10 =======================================>> [S]:
A001 OK LOGIN completed

2017-05-18 11:23:10 =======================================>> [C]:
A002 LIST "" *

2017-05-18 11:23:10 =======================================>> [S]:
* LIST () "/" "INBOX"
* LIST (\Drafts) "/" "&g0l6P3ux-"
* LIST (\Sent) "/" "&XfJT0ZAB-"
* LIST (\Trash) "/" "&XfJSIJZk-"
* LIST (\Junk) "/" "&V4NXPpCuTvY-"
* LIST () "/" "&dcVr0mWHTvZZOQ-"
* LIST () "/" "&i6KWBZCuTvY-"
A002 OK LIST Completed

2017-05-18 11:36:16 =======================================>> [C]:
A100 LOGOUT

2017-05-18 11:36:16 =======================================>> Wait Timeout!
iMap ==========================================================================>> New Connected:
2017-05-18 11:36:23 =======================================>> [S]:
* OK Coremail System IMap Server Ready(163com[726cd87d72d896a1ac393507346040fa])

2017-05-18 11:36:23 =======================================>> [C]:
A001 LOGIN 13125156410 jidashasha520

2017-05-18 11:36:23 =======================================>> [S]:
A001 OK LOGIN completed

2017-05-18 11:36:23 =======================================>> [C]:
A002 LIST "" *

2017-05-18 11:36:23 =======================================>> [S]:
* LIST () "/" "INBOX"
* LIST (\Drafts) "/" "&g0l6P3ux-"
* LIST (\Sent) "/" "&XfJT0ZAB-"
* LIST (\Trash) "/" "&XfJSIJZk-"
* LIST (\Junk) "/" "&V4NXPpCuTvY-"
* LIST () "/" "&dcVr0mWHTvZZOQ-"
* LIST () "/" "&i6KWBZCuTvY-"
A002 OK LIST Completed

2017-05-18 11:42:32 =======================================>> [C]:
A100 LOGOUT

2017-05-18 11:42:32 =======================================>> Wait Timeout!
iMap ==========================================================================>> New Connected:
2017-05-18 11:42:39 =======================================>> [S]:
* OK Coremail System IMap Server Ready(163com[726cd87d72d896a1ac393507346040fa])

2017-05-18 11:42:39 =======================================>> [C]:
A001 LOGIN 13125156410 jidashasha520

2017-05-18 11:42:39 =======================================>> [S]:
A001 OK LOGIN completed

2017-05-18 11:42:39 =======================================>> [C]:
A002 LIST "" *

2017-05-18 11:42:40 =======================================>> [S]:
* LIST () "/" "INBOX"
* LIST (\Drafts) "/" "&g0l6P3ux-"
* LIST (\Sent) "/" "&XfJT0ZAB-"
* LIST (\Trash) "/" "&XfJSIJZk-"
* LIST (\Junk) "/" "&V4NXPpCuTvY-"
* LIST () "/" "&dcVr0mWHTvZZOQ-"
* LIST () "/" "&i6KWBZCuTvY-"
A002 OK LIST Completed

2017-05-18 11:43:43 =======================================>> [C]:
A100 LOGOUT

2017-05-18 11:43:43 =======================================>> [S]:
* BYE IMAP4rev1 Server logging out
A100 OK LOGOUT completed

iMap ==========================================================================>> New Connected:
iMap ==========================================================================>> New Connected:
iMap ==========================================================================>> New Connected: